<?xml version="1.0" encoding="UTF-8"?>
<!-- Generated by org.testng.reporters.JUnitReportReporter -->
<testsuite hostname="Lenovo-PC" name="T.B" tests="1" failures="0" timestamp="28 Jun 2016 09:47:45 GMT" time="10.300" errors="0">
  <testcase name="click_login" time="10.300" classname="T.B"/>
</testsuite> <!-- T.B -->
