<?xml version="1.0" encoding="UTF-8"?>
<!-- Generated by org.testng.reporters.JUnitReportReporter -->
<testsuite hostname="Admin-PC" name="T.B" tests="1" failures="0" timestamp="15 Jun 2016 12:02:08 GMT" time="6.264" errors="0">
  <testcase name="click_login" time="6.264" classname="T.B"/>
</testsuite> <!-- T.B -->
