<?xml version="1.0" encoding="UTF-8"?>
<!-- Generated by org.testng.reporters.JUnitReportReporter -->
<testsuite hostname="CESCHNDES-0003" name="mypackage.Upload" tests="2" failures="0" timestamp="14 Feb 2017 08:37:40 GMT" time="19.666" errors="0">
  <testcase name="checkboxandradiobutton" time="13.256" classname="mypackage.Upload"/>
  <testcase name="uploadFile" time="6.410" classname="mypackage.Upload"/>
</testsuite> <!-- mypackage.Upload -->
